
ROM used:   6886/32768 (21%)
            6886/32768 (21%) including unused fragments

            0.8 Average locations per line
            5.6 Average locations per statement

RAM used:   525/2048 (26%) at main() level
            571/2048 (28%) worst case

Stack used: 5 worst case (0 in main + 5 for interrupts)
Stack size: 31

Lines Stmts  %   Files
----- ----- ---  -----
  104    43   4  e.c
  852     0   0  ..\..\..\..\Program Files (x86)\PICC\Devices\18F4550.h
  876   143  12  ..\..\..\..\Program Files (x86)\PICC\Drivers\usb_cdc.h
  228     0   0  ..\..\..\..\Program Files (x86)\PICC\Drivers\pic18_usb.h
  328     0   0  ..\..\..\..\Program Files (x86)\PICC\Drivers\usb_hw_layer.h
  298     0   0  ..\..\..\..\Program Files (x86)\PICC\Drivers\usb_desc_cdc.h
 1103     0   0  ..\..\..\..\Program Files (x86)\PICC\Drivers\usb.h
 1192   240  20  ..\..\..\..\Program Files (x86)\PICC\Drivers\usb.c
 1516   322  26  ..\..\..\..\Program Files (x86)\PICC\Drivers\pic18_usb.c
  435     0   0  ..\..\..\..\Program Files (x86)\PICC\Drivers\string.h
   32     0   0  ..\..\..\..\Program Files (x86)\PICC\Drivers\stddef.h
   28   114   9  ..\..\..\..\Program Files (x86)\PICC\Drivers\ctype.h
 1352   359  29  ..\..\..\..\Program Files (x86)\PICC\Drivers\stdlib.h
----- -----
 8344  1221 Total

Page ROM  %  RAM    Vol Diff  Functions:
---- --- --- ---    --- ----  ----------
0     42   0    1             @delay_ms1
0     32   0    0             @const794
0     32   0    0             @const797
0     48   0    0             @const800
0     48   0    0             @const803
0     84   1    0             @const806
0     18   0    0             @const809
0     24   0    0             @const812
0     34   0    0             @const817
0     60   0    0             @const820
0     34   0    5             @MUL1616
0     86   1    4    139  4.3  usb_tbe
0     38   0    1    172  3.4  usb_detach
0     46   0    0    236  2.3  usb_attach
0      6   0    0     16  1.0  usb_init_cs
0     54   0    1    426  5.0  usb_task
0     14   0    0     61  2.5  usb_init
0    332   2   10    976  5.9  usb_flush_in
0    158   1   10    344  6.1  usb_put_packet
0    256   2    9    914  5.0  usb_flush_out
0     68   0    3     66  2.7  usb_rx_packet_size
0    102   1    6    264  4.6  usb_stall_ep
0    122   1    6    329  4.7  usb_unstall_ep
0    118   1    5    373  6.0  usb_endpoint_stalled
0     26   0    1     94  2.7  usb_set_address
0    490   4   12   1743 10.9  usb_set_configured
0    112   1    5    199  3.2  usb_disable_endpoint
0     30   0    1     99  3.0  usb_disable_endpoints
0      4   0    0     61  4.0  usb_clear_trn
0    138   1    2    729  7.2  usb_isr
0      6   0    0     39  2.0  usb_isr_sof
0     48   0    0    450  4.3  usb_isr_rst
0     42   0    2    458  4.4  usb_init_ep0_setup
0      8   0    0     74  2.8  usb_isr_uerr
0     10   0    0     88  2.5  usb_isr_uidle
0     18   0    0    149  3.5  usb_isr_activity
0     14   0    0    151  3.9  usb_isr_stall
0      6   0    1     30  1.7  usb_request_send_response
0      6   0    0     22  1.2  usb_request_get_data
0      4   0    0     22  1.2  usb_request_stall
0    248   2    3   3308  9.3  usb_isr_tok_dne
0      6   0    0     29  1.9  usb_enumerated
0     48   0    3    273  4.0  usb_token_reset
0     78   1    3    274  5.9  usb_endpoint_is_valid
0     50   0    1    212  3.1  usb_isr_tok_in_dne
0     30   0    1    115  2.5  usb_isr_tok_out_dne
0     50   0    0    375  6.4  usb_isr_tok_setup_dne
0    188   1    0   1454  8.3  usb_isr_tkn_setup_StandardDevice
0    160   1    3    933  7.7  usb_isr_tkn_setup_StandardInterface
0    106   1    0    753  5.8  usb_isr_tkn_setup_StandardEndpoint
0    202   1    1   1248 10.7  usb_Get_Descriptor
0     14   0    0     76  1.8  usb_finish_set_address
0    136   1    4    622  9.1  usb_copy_desc_seg_to_ep
0     72   1    0    302  6.2  usb_isr_tok_out_cdc_control_dne
0    156   1    2   1200  8.6  usb_isr_tkn_cdc
0     28   0    0    174  3.6  usb_isr_tok_out_cdc_data_dne
0      6   0    0     81  0.9  usb_isr_tok_in_cdc_data_dne
0    228   2   13    496  8.2  memmove
0    114   1    4    318  5.2  usb_cdc_flush_tx_buffer
0     64   0    4    280  2.3  usb_cdc_init
0     16   0    0     59  2.3  usb_cdc_get_discard
0     46   0    2    232  5.4  usb_cdc_getc
0     70   1    4    292  4.6  _usb_cdc_putc_fast_noflush
0     10   0    1     38  1.7  usb_cdc_putc_fast
0     64   0    1    125  3.7  usb_cdc_putc
0    242   2   11             @MULFF
0     56   0    2             @ITOF
0    348   3   14             @DIVFF
0    128   1    7    633  6.2  RDA_isr
0    284   2   42    554  4.6  MAIN
0     28   0    1             @SPRINTF
0     64   0    5             @FTOSD
0    142   1   13             @DIV3232
0    378   3   13             @PRINTF_L32D_1381FPFPF
0     38   0    2             @PSTRINGR_686
 Inline         0             @cinit1

Program metrics:
    Functions               56
    Statements              1221
    Comments                5574
    Volume (V)              43646
    Difficulty (D)          255.5
    Effort to implement (E) 11149864
    Time to implement (T)   172 hours, 4 minutes
    Est Delivered Bugs (B)  17
    Cyclomatic Complexity   135
    Maintainability (MI)    98

 Segment     Used  Free
-----------  ----  ----
00000-00002     4  0  
00004-00006     4  0  
00008-000AC   166  0  
000AE-07FFE  6712  25882  



